Feb 13, 2022 5:32:56 PM application.bookstore.Main main
INFO: Starting APP...
Feb 13, 2022 5:32:56 PM application.bookstore.Main loadData
INFO: Loading data Files...
Feb 13, 2022 5:32:56 PM application.bookstore.models.BaseModel getData
INFO: End of data/users.ser file reached!
Feb 13, 2022 5:32:56 PM application.bookstore.models.BaseModel getData
INFO: End of data/authors.ser file reached!
Feb 13, 2022 5:32:56 PM application.bookstore.models.BaseModel getData
INFO: End of data/books.ser file reached!
Feb 13, 2022 5:32:57 PM application.bookstore.models.BaseModel getData
INFO: End of data/orders.ser file reached!
Feb 13, 2022 5:33:03 PM application.bookstore.controllers.LoginController lambda$addListener$1
INFO: Logged in with user: 
User{
	"username": librarian,
	"password": ******,
	"role": LIBRARIAN
}
Feb 13, 2022 5:33:10 PM application.bookstore.controllers.LoginController lambda$addListener$1
INFO: Logged in with user: 
User{
	"username": manager,
	"password": ******,
	"role": MANAGER
}
Feb 13, 2022 5:33:14 PM application.bookstore.controllers.LoginController lambda$addListener$1
INFO: Logged in with user: 
User{
	"username": admin,
	"password": ******,
	"role": ADMIN
}
